<?xml version="1.0" encoding="UTF-8"?>
<!-- Generated by org.testng.reporters.JUnitReportReporter -->
<testsuite skipped="0" hostname="4c18676b16b9" name="com.searchmodule.tests.LoginTest" tests="4" failures="0" timestamp="10 Aug 2023 18:23:47 GMT" time="34.977" errors="0">
  <testcase name="search" time="23.843" classname="com.searchmodule.tests.LoginTest"/>
  <testcase name="search" time="3.374" classname="com.searchmodule.tests.LoginTest"/>
  <testcase name="search" time="5.558" classname="com.searchmodule.tests.LoginTest"/>
  <testcase name="search" time="2.202" classname="com.searchmodule.tests.LoginTest"/>
</testsuite> <!-- com.searchmodule.tests.LoginTest -->
