<?xml version="1.0" encoding="UTF-8"?>
<!-- Generated by org.testng.reporters.JUnitReportReporter -->
<testsuite hostname="DESKTOP-GHO9U30" failures="0" tests="2" name="com.searchmodule.tests.SearchTest" time="8.639" errors="0" timestamp="09 Aug 2023 19:02:57 GMT" skipped="0">
  <testcase classname="com.searchmodule.tests.SearchTest" name="search" time="3.915"/>
  <testcase classname="com.searchmodule.tests.SearchTest" name="search" time="4.724"/>
</testsuite> <!-- com.searchmodule.tests.SearchTest -->
