<?xml version="1.0" encoding="UTF-8"?>
<!-- Generated by org.testng.reporters.JUnitReportReporter -->
<testsuite skipped="0" hostname="3d7473c39ee3" name="com.searchmodule.tests.LoginTest" tests="4" failures="0" timestamp="10 Aug 2023 15:31:58 GMT" time="11.303" errors="0">
  <testcase name="search" time="2.224" classname="com.searchmodule.tests.LoginTest"/>
  <testcase name="search" time="2.276" classname="com.searchmodule.tests.LoginTest"/>
  <testcase name="search" time="2.299" classname="com.searchmodule.tests.LoginTest"/>
  <testcase name="search" time="4.504" classname="com.searchmodule.tests.LoginTest"/>
</testsuite> <!-- com.searchmodule.tests.LoginTest -->
