<?xml version="1.0" encoding="UTF-8"?>
<!-- Generated by org.testng.reporters.JUnitReportReporter -->
<testsuite skipped="0" hostname="5fce0a49aaf9" name="com.searchmodule.tests.LoginTest" tests="2" failures="0" timestamp="28 Aug 2023 15:19:04 GMT" time="7.561" errors="0">
  <testcase name="search" time="2.735" classname="com.searchmodule.tests.LoginTest"/>
  <testcase name="search" time="4.826" classname="com.searchmodule.tests.LoginTest"/>
</testsuite> <!-- com.searchmodule.tests.LoginTest -->
