<?xml version="1.0" encoding="UTF-8"?>
<!-- Generated by org.testng.reporters.JUnitReportReporter -->
<testsuite skipped="0" hostname="e3895c296176" name="com.searchmodule.tests.LoginTest" tests="4" failures="0" timestamp="28 Aug 2023 15:21:48 GMT" time="174.729" errors="0">
  <testcase name="search" time="3.042" classname="com.searchmodule.tests.LoginTest"/>
  <testcase name="search" time="166.885" classname="com.searchmodule.tests.LoginTest"/>
  <testcase name="search" time="2.814" classname="com.searchmodule.tests.LoginTest"/>
  <testcase name="search" time="1.988" classname="com.searchmodule.tests.LoginTest"/>
</testsuite> <!-- com.searchmodule.tests.LoginTest -->
